<?xml version="1.0" encoding="UTF-8"?>
<!-- Generated by org.testng.reporters.JUnitXMLReporter -->
<testsuite hostname="DESKTOP-VG3VBVK" ignored="0" name="chromeTest" tests="6" failures="0" timestamp="2023-02-08T15:21:43 IST" time="30.105" errors="0">
  <testcase name="test1" time="5.007" classname="tests.TestClass1"/>
  <testcase name="test2" time="5.01" classname="tests.TestClass1"/>
  <testcase name="test3" time="5.01" classname="tests.TestClass1"/>
  <testcase name="test1" time="5.014" classname="tests.TestClass2"/>
  <testcase name="test2" time="5.012" classname="tests.TestClass2"/>
  <testcase name="test3" time="5.002" classname="tests.TestClass2"/>
</testsuite> <!-- chromeTest -->
