<?xml version="1.0" encoding="UTF-8"?>
<testng-results skipped="0" failed="0" ignored="0" total="12" passed="12">
  <reporter-output>
  </reporter-output>
  <suite name="Suite" duration-ms="30116" started-at="2023-02-08T15:21:13 IST" finished-at="2023-02-08T15:21:43 IST">
    <groups>
    </groups>
    <test name="chromeTest" duration-ms="30105" started-at="2023-02-08T15:21:13 IST" finished-at="2023-02-08T15:21:43 IST">
      <class name="tests.TestClass1">
        <test-method status="PASS" signature="test1()[pri:0, instance:tests.TestClass1@2c039ac6]" name="test1" duration-ms="5007" started-at="2023-02-08T15:21:13 IST" finished-at="2023-02-08T15:21:18 IST">
          <reporter-output>
          </reporter-output>
        </test-method> <!-- test1 -->
        <test-method status="PASS" signature="test2()[pri:0, instance:tests.TestClass1@2c039ac6]" name="test2" duration-ms="5010" started-at="2023-02-08T15:21:18 IST" finished-at="2023-02-08T15:21:23 IST">
          <reporter-output>
          </reporter-output>
        </test-method> <!-- test2 -->
        <test-method status="PASS" signature="test3()[pri:0, instance:tests.TestClass1@2c039ac6]" name="test3" duration-ms="5010" started-at="2023-02-08T15:21:23 IST" finished-at="2023-02-08T15:21:28 IST">
          <reporter-output>
          </reporter-output>
        </test-method> <!-- test3 -->
      </class> <!-- tests.TestClass1 -->
      <class name="tests.TestClass2">
        <test-method status="PASS" signature="test1()[pri:0, instance:tests.TestClass2@e874448]" name="test1" duration-ms="5014" started-at="2023-02-08T15:21:28 IST" finished-at="2023-02-08T15:21:33 IST">
          <reporter-output>
          </reporter-output>
        </test-method> <!-- test1 -->
        <test-method status="PASS" signature="test2()[pri:0, instance:tests.TestClass2@e874448]" name="test2" duration-ms="5012" started-at="2023-02-08T15:21:33 IST" finished-at="2023-02-08T15:21:38 IST">
          <reporter-output>
          </reporter-output>
        </test-method> <!-- test2 -->
        <test-method status="PASS" signature="test3()[pri:0, instance:tests.TestClass2@e874448]" name="test3" duration-ms="5002" started-at="2023-02-08T15:21:38 IST" finished-at="2023-02-08T15:21:43 IST">
          <reporter-output>
          </reporter-output>
        </test-method> <!-- test3 -->
      </class> <!-- tests.TestClass2 -->
    </test> <!-- chromeTest -->
    <test name="FirefoxTest" duration-ms="30116" started-at="2023-02-08T15:21:13 IST" finished-at="2023-02-08T15:21:43 IST">
      <class name="tests.TestClass1">
        <test-method status="PASS" signature="test1()[pri:0, instance:tests.TestClass1@8e24743]" name="test1" duration-ms="5007" started-at="2023-02-08T15:21:13 IST" finished-at="2023-02-08T15:21:18 IST">
          <reporter-output>
          </reporter-output>
        </test-method> <!-- test1 -->
        <test-method status="PASS" signature="test2()[pri:0, instance:tests.TestClass1@8e24743]" name="test2" duration-ms="5009" started-at="2023-02-08T15:21:18 IST" finished-at="2023-02-08T15:21:23 IST">
          <reporter-output>
          </reporter-output>
        </test-method> <!-- test2 -->
        <test-method status="PASS" signature="test3()[pri:0, instance:tests.TestClass1@8e24743]" name="test3" duration-ms="5009" started-at="2023-02-08T15:21:23 IST" finished-at="2023-02-08T15:21:28 IST">
          <reporter-output>
          </reporter-output>
        </test-method> <!-- test3 -->
      </class> <!-- tests.TestClass1 -->
      <class name="tests.TestClass2">
        <test-method status="PASS" signature="test1()[pri:0, instance:tests.TestClass2@74a10858]" name="test1" duration-ms="5014" started-at="2023-02-08T15:21:28 IST" finished-at="2023-02-08T15:21:33 IST">
          <reporter-output>
          </reporter-output>
        </test-method> <!-- test1 -->
        <test-method status="PASS" signature="test2()[pri:0, instance:tests.TestClass2@74a10858]" name="test2" duration-ms="5013" started-at="2023-02-08T15:21:33 IST" finished-at="2023-02-08T15:21:38 IST">
          <reporter-output>
          </reporter-output>
        </test-method> <!-- test2 -->
        <test-method status="PASS" signature="test3()[pri:0, instance:tests.TestClass2@74a10858]" name="test3" duration-ms="5016" started-at="2023-02-08T15:21:38 IST" finished-at="2023-02-08T15:21:43 IST">
          <reporter-output>
          </reporter-output>
        </test-method> <!-- test3 -->
      </class> <!-- tests.TestClass2 -->
    </test> <!-- FirefoxTest -->
  </suite> <!-- Suite -->
</testng-results>
